[worker single_agent] still waiting at 
30s...
[worker single_agent] still waiting at 
60s...
[worker single_agent] still waiting at 
90s...
[single_agent/local] wrote experiments/real_repos/starlette/runs_kimi_n5_applied/seed3/eval_run_single_agent.json — completed=3/3, evidence=suite_proposed_write_set, overlaps=0, oob=0, blocked=0, wall=107.269s
 starting (group 0)
 starting (group 0)
 starting (group 0)
 proposed 2 writes (21.48s, 2319 tokens)
   ALLOWED pr3148-jinja2-autoescape → 
starlette/templating.py
   BLOCKED pr3148-jinja2-autoescape → 
tests/test_templating.py: path 
'tests/test_templating.py' is outside task 
'pr3148-jinja2-autoescape''s allowed_paths 
(starlette/templating.py, 
tests/test_templates.py)
 proposed 0 writes (22.67s, 2356 tokens)
[worker pr3166-session-middleware] still 
waiting at 30s...
[worker pr3166-session-middleware] still 
waiting at 60s...
 proposed 2 writes (74.34s, 7922 tokens)
   BLOCKED pr3166-session-middleware → 
session_middleware.py: path 
'session_middleware.py' is outside task 
'pr3166-session-middleware''s allowed_paths 
(starlette/middleware/sessions.py, 
tests/middleware/**)
   BLOCKED pr3166-session-middleware → 
test_session_middleware.py: path 
'test_session_middleware.py' is outside task
'pr3166-session-middleware''s allowed_paths 
(starlette/middleware/sessions.py, 
tests/middleware/**)
[naive_parallel_blind/local] wrote experiments/real_repos/starlette/runs_kimi_n5_applied/seed3/eval_run_naive_parallel_blind.json — completed=1/3, evidence=naive_parallel_blind_proposed_write_set, overlaps=0, oob=3, blocked=0, wall=74.347s
[combined] wrote experiments/real_repos/starlette/runs_kimi_n5_applied/seed3/eval_run_combined.json
