 starting (group 0)
 starting (group 0)
 starting (group 0)
 proposed 1 writes (21.40s, 2187 tokens)
   ALLOWED pr3137-cors-credentials-origin → starlette/middleware/cors.py
 proposed 2 writes (24.04s, 2582 tokens)
   ALLOWED pr3148-jinja2-autoescape → starlette/templating.py
   BLOCKED pr3148-jinja2-autoescape → tests/test_templating.py: path 
'tests/test_templating.py' is outside task 'pr3148-jinja2-autoescape''s 
allowed_paths (starlette/templating.py, tests/test_templates.py)
[worker pr3166-session-middleware] still waiting at 30s...
[worker pr3166-session-middleware] still waiting at 60s...
[worker pr3166-session-middleware] still waiting at 90s...
 proposed 3 writes (104.56s, 12435 tokens)
   BLOCKED pr3166-session-middleware → session/session.go: path 
'session/session.go' is outside task 'pr3166-session-middleware''s allowed_paths
(starlette/middleware/sessions.py, tests/middleware/**)
   BLOCKED pr3166-session-middleware → session/session_test.go: path 
'session/session_test.go' is outside task 'pr3166-session-middleware''s 
allowed_paths (starlette/middleware/sessions.py, tests/middleware/**)
   BLOCKED pr3166-session-middleware → go.mod: path 'go.mod' is outside task 
'pr3166-session-middleware''s allowed_paths (starlette/middleware/sessions.py, 
tests/middleware/**)
[naive_parallel_blind/local] wrote experiments/real_repos/starlette/runs_sonnet_v2_n5/seed1/eval_run_naive_parallel_blind.json — completed=1/3, evidence=naive_parallel_blind_proposed_write_set, overlaps=0, oob=4, blocked=0, wall=104.567s
 starting (group 0)
 starting (group 0)
 starting (group 0)
 proposed 2 writes (16.43s, 1167 tokens)
   ALLOWED pr3148-jinja2-autoescape → starlette/templating.py
   ALLOWED pr3148-jinja2-autoescape → tests/test_templates.py
[worker pr3166-session-middleware] still waiting at 30s...
[worker pr3137-cors-credentials-origin] still waiting at 30s...
 proposed 4 writes (50.49s, 5764 tokens)
   ALLOWED pr3166-session-middleware → starlette/middleware/sessions.py
   ALLOWED pr3166-session-middleware → starlette/middleware/sessions.py
   ALLOWED pr3166-session-middleware → starlette/middleware/sessions.py
   ALLOWED pr3166-session-middleware → tests/middleware/test_session.py
[worker pr3137-cors-credentials-origin] still waiting at 60s...
 proposed 12 writes (62.42s, 5956 tokens)
   ALLOWED pr3137-cors-credentials-origin → starlette/middleware/cors.py
   ALLOWED pr3137-cors-credentials-origin → starlette/middleware/cors.py
   ALLOWED pr3137-cors-credentials-origin → starlette/middleware/cors.py
   ALLOWED pr3137-cors-credentials-origin → starlette/middleware/cors.py
   ALLOWED pr3137-cors-credentials-origin → starlette/middleware/cors.py
   ALLOWED pr3137-cors-credentials-origin → starlette/middleware/cors.py
   ALLOWED pr3137-cors-credentials-origin → starlette/middleware/cors.py
   ALLOWED pr3137-cors-credentials-origin → starlette/middleware/cors.py
   ALLOWED pr3137-cors-credentials-origin → starlette/middleware/cors.py
   ALLOWED pr3137-cors-credentials-origin → tests/middleware/test_cors.py
   ALLOWED pr3137-cors-credentials-origin → starlette/middleware/cors.py
   ALLOWED pr3137-cors-credentials-origin → tests/middleware/test_cors.py
[naive_parallel/local] wrote experiments/real_repos/starlette/runs_sonnet_v2_n5/seed1/eval_run_naive.json — completed=3/3, evidence=proposed_write_set, overlaps=0, oob=0, blocked=0, wall=62.429s
 starting (group 1)
 starting (group 1)
 proposed 12 writes (24.53s, 2139 tokens)
   ALLOWED pr3137-cors-credentials-origin → starlette/middleware/cors.py
   ALLOWED pr3137-cors-credentials-origin → starlette/middleware/cors.py
   ALLOWED pr3137-cors-credentials-origin → starlette/middleware/cors.py
   ALLOWED pr3137-cors-credentials-origin → starlette/middleware/cors.py
   ALLOWED pr3137-cors-credentials-origin → starlette/middleware/cors.py
   ALLOWED pr3137-cors-credentials-origin → starlette/middleware/cors.py
   ALLOWED pr3137-cors-credentials-origin → starlette/middleware/cors.py
   ALLOWED pr3137-cors-credentials-origin → starlette/middleware/cors.py
   ALLOWED pr3137-cors-credentials-origin → starlette/middleware/cors.py
   ALLOWED pr3137-cors-credentials-origin → starlette/middleware/cors.py
   ALLOWED pr3137-cors-credentials-origin → starlette/middleware/cors.py
   ALLOWED pr3137-cors-credentials-origin → tests/middleware/test_cors.py
[worker pr3166-session-middleware] still waiting at 30s...
 proposed 2 writes (42.28s, 4888 tokens)
   ALLOWED pr3166-session-middleware → starlette/middleware/sessions.py
   ALLOWED pr3166-session-middleware → tests/middleware/test_session.py
 starting (group 2)
 proposed 0 writes (25.28s, 2280 tokens)
[acg_planned_full_context/local] wrote experiments/real_repos/starlette/runs_sonnet_v2_n5/seed1/eval_run_acg_full_context.json — completed=3/3, evidence=proposed_write_set, overlaps=0, oob=0, blocked=0, wall=67.568s
 starting (group 1)
 starting (group 1)
 proposed 2 writes (6.69s, 503 tokens)
   ALLOWED pr3137-cors-credentials-origin → starlette/middleware/cors.py
   ALLOWED pr3137-cors-credentials-origin → starlette/middleware/cors.py
[worker pr3166-session-middleware] still waiting at 30s...
 proposed 2 writes (45.22s, 5273 tokens)
   ALLOWED pr3166-session-middleware → starlette/middleware/sessions.py
   ALLOWED pr3166-session-middleware → tests/middleware/test_session.py
 starting (group 2)
 proposed 2 writes (15.59s, 1222 tokens)
   ALLOWED pr3148-jinja2-autoescape → starlette/templating.py
   ALLOWED pr3148-jinja2-autoescape → tests/test_templates.py
[acg_planned/local] wrote experiments/real_repos/starlette/runs_sonnet_v2_n5/seed1/eval_run_acg.json — completed=3/3, evidence=proposed_write_set, overlaps=0, oob=0, blocked=0, wall=60.817s
[worker single_agent] still waiting at 30s...
[worker single_agent] still waiting at 60s...
[single_agent/local] wrote experiments/real_repos/starlette/runs_sonnet_v2_n5/seed1/eval_run_single_agent.json — completed=3/3, evidence=suite_proposed_write_set, overlaps=0, oob=0, blocked=0, wall=70.614s
[combined] wrote experiments/real_repos/starlette/runs_sonnet_v2_n5/seed1/eval_run_combined.json
