 starting (group 0)
 starting (group 0)
 starting (group 0)
 proposed 1 writes (23.14s, 2321 tokens)
   ALLOWED pr3137-cors-credentials-origin → starlette/middleware/cors.py
[worker pr3148-jinja2-autoescape] still waiting at 30s...
[worker pr3166-session-middleware] still waiting at 30s...
 proposed 6 writes (44.93s, 3926 tokens)
   ALLOWED pr3148-jinja2-autoescape → starlette/templating.py
   BLOCKED pr3148-jinja2-autoescape → starlette/background.py: path 
'starlette/background.py' is outside task 'pr3148-jinja2-autoescape''s 
allowed_paths (starlette/templating.py, tests/test_templates.py)
   BLOCKED pr3148-jinja2-autoescape → starlette/requests.py: path 
'starlette/requests.py' is outside task 'pr3148-jinja2-autoescape''s 
allowed_paths (starlette/templating.py, tests/test_templates.py)
   BLOCKED pr3148-jinja2-autoescape → starlette/responses.py: path 
'starlette/responses.py' is outside task 'pr3148-jinja2-autoescape''s 
allowed_paths (starlette/templating.py, tests/test_templates.py)
   BLOCKED pr3148-jinja2-autoescape → tests/__init__.py: path 
'tests/__init__.py' is outside task 'pr3148-jinja2-autoescape''s allowed_paths 
(starlette/templating.py, tests/test_templates.py)
   BLOCKED pr3148-jinja2-autoescape → tests/test_templating.py: path 
'tests/test_templating.py' is outside task 'pr3148-jinja2-autoescape''s 
allowed_paths (starlette/templating.py, tests/test_templates.py)
[worker pr3166-session-middleware] still waiting at 60s...
[worker pr3166-session-middleware] still waiting at 90s...
 proposed 2 writes (103.29s, 10620 tokens)
   BLOCKED pr3166-session-middleware → session_middleware.py: path 
'session_middleware.py' is outside task 'pr3166-session-middleware''s 
allowed_paths (starlette/middleware/sessions.py, tests/middleware/**)
   BLOCKED pr3166-session-middleware → test_session_middleware.py: path 
'test_session_middleware.py' is outside task 'pr3166-session-middleware''s 
allowed_paths (starlette/middleware/sessions.py, tests/middleware/**)
[naive_parallel_blind/local] wrote experiments/real_repos/starlette/runs_sonnet_v2_n5/seed3/eval_run_naive_parallel_blind.json — completed=1/3, evidence=naive_parallel_blind_proposed_write_set, overlaps=0, oob=7, blocked=0, wall=103.299s
 starting (group 0)
 starting (group 0)
 starting (group 0)
 proposed 2 writes (7.88s, 583 tokens)
   ALLOWED pr3137-cors-credentials-origin → starlette/middleware/cors.py
   ALLOWED pr3137-cors-credentials-origin → starlette/middleware/cors.py
 proposed 2 writes (17.96s, 1590 tokens)
   ALLOWED pr3148-jinja2-autoescape → starlette/templating.py
   ALLOWED pr3148-jinja2-autoescape → tests/test_templates.py
[worker pr3166-session-middleware] still waiting at 30s...
 proposed 4 writes (50.03s, 5534 tokens)
   ALLOWED pr3166-session-middleware → starlette/middleware/sessions.py
   ALLOWED pr3166-session-middleware → starlette/middleware/sessions.py
   ALLOWED pr3166-session-middleware → starlette/middleware/sessions.py
   ALLOWED pr3166-session-middleware → tests/middleware/test_session.py
[naive_parallel/local] wrote experiments/real_repos/starlette/runs_sonnet_v2_n5/seed3/eval_run_naive.json — completed=3/3, evidence=proposed_write_set, overlaps=0, oob=0, blocked=0, wall=50.031s
 starting (group 1)
 starting (group 1)
[worker pr3137-cors-credentials-origin] still waiting at 30s...
[worker pr3166-session-middleware] still waiting at 30s...
 proposed 8 writes (36.13s, 3091 tokens)
   ALLOWED pr3137-cors-credentials-origin → starlette/middleware/cors.py
   ALLOWED pr3137-cors-credentials-origin → starlette/middleware/cors.py
   ALLOWED pr3137-cors-credentials-origin → starlette/middleware/cors.py
   ALLOWED pr3137-cors-credentials-origin → starlette/middleware/cors.py
   ALLOWED pr3137-cors-credentials-origin → starlette/middleware/cors.py
   ALLOWED pr3137-cors-credentials-origin → starlette/middleware/cors.py
   ALLOWED pr3137-cors-credentials-origin → starlette/middleware/cors.py
   ALLOWED pr3137-cors-credentials-origin → starlette/middleware/cors.py
 proposed 3 writes (36.44s, 4119 tokens)
   ALLOWED pr3166-session-middleware → starlette/middleware/sessions.py
   ALLOWED pr3166-session-middleware → starlette/middleware/sessions.py
   ALLOWED pr3166-session-middleware → tests/middleware/test_session.py
 starting (group 2)
 proposed 4 writes (29.92s, 2738 tokens)
   ALLOWED pr3148-jinja2-autoescape → starlette/templating.py
   ALLOWED pr3148-jinja2-autoescape → tests/test_templates.py
   ALLOWED pr3148-jinja2-autoescape → starlette/templating.py
   ALLOWED pr3148-jinja2-autoescape → tests/test_templates.py
[acg_planned_full_context/local] wrote experiments/real_repos/starlette/runs_sonnet_v2_n5/seed3/eval_run_acg_full_context.json — completed=3/3, evidence=proposed_write_set, overlaps=0, oob=0, blocked=0, wall=66.370s
 starting (group 1)
 starting (group 1)
 proposed 2 writes (11.66s, 901 tokens)
   ALLOWED pr3137-cors-credentials-origin → starlette/middleware/cors.py
   ALLOWED pr3137-cors-credentials-origin → tests/middleware/test_cors.py
[worker pr3166-session-middleware] still waiting at 30s...
 proposed 2 writes (42.36s, 4615 tokens)
   ALLOWED pr3166-session-middleware → starlette/middleware/sessions.py
   ALLOWED pr3166-session-middleware → tests/middleware/test_session.py
 starting (group 2)
 proposed 2 writes (19.04s, 1973 tokens)
   ALLOWED pr3148-jinja2-autoescape → starlette/templating.py
   ALLOWED pr3148-jinja2-autoescape → tests/test_templates.py
[acg_planned/local] wrote experiments/real_repos/starlette/runs_sonnet_v2_n5/seed3/eval_run_acg.json — completed=3/3, evidence=proposed_write_set, overlaps=0, oob=0, blocked=0, wall=61.405s
[worker single_agent] still waiting at 30s...
[worker single_agent] still waiting at 60s...
[single_agent/local] wrote experiments/real_repos/starlette/runs_sonnet_v2_n5/seed3/eval_run_single_agent.json — completed=3/3, evidence=suite_proposed_write_set, overlaps=0, oob=0, blocked=0, wall=86.497s
[combined] wrote experiments/real_repos/starlette/runs_sonnet_v2_n5/seed3/eval_run_combined.json
