 starting (group 0)
 starting (group 0)
 starting (group 0)
 proposed 1 writes (21.75s, 2263 tokens)
   ALLOWED pr3137-cors-credentials-origin → starlette/middleware/cors.py
 proposed 2 writes (23.97s, 2567 tokens)
   ALLOWED pr3148-jinja2-autoescape → starlette/templating.py
   BLOCKED pr3148-jinja2-autoescape → tests/test_templating.py: path 
'tests/test_templating.py' is outside task 'pr3148-jinja2-autoescape''s 
allowed_paths (starlette/templating.py, tests/test_templates.py)
[worker pr3166-session-middleware] still waiting at 30s...
[worker pr3166-session-middleware] still waiting at 60s...
[worker pr3166-session-middleware] still waiting at 90s...
 proposed 2 writes (112.36s, 9691 tokens)
   BLOCKED pr3166-session-middleware → session_middleware.py: path 
'session_middleware.py' is outside task 'pr3166-session-middleware''s 
allowed_paths (starlette/middleware/sessions.py, tests/middleware/**)
   BLOCKED pr3166-session-middleware → test_session_middleware.py: path 
'test_session_middleware.py' is outside task 'pr3166-session-middleware''s 
allowed_paths (starlette/middleware/sessions.py, tests/middleware/**)
[naive_parallel_blind/local] wrote experiments/real_repos/starlette/runs_sonnet_v2_n5/seed2/eval_run_naive_parallel_blind.json — completed=1/3, evidence=naive_parallel_blind_proposed_write_set, overlaps=0, oob=3, blocked=0, wall=112.367s
 starting (group 0)
 starting (group 0)
 starting (group 0)
 proposed 6 writes (14.49s, 1189 tokens)
   ALLOWED pr3137-cors-credentials-origin → starlette/middleware/cors.py
   ALLOWED pr3137-cors-credentials-origin → starlette/middleware/cors.py
   ALLOWED pr3137-cors-credentials-origin → starlette/middleware/cors.py
   ALLOWED pr3137-cors-credentials-origin → starlette/middleware/cors.py
   ALLOWED pr3137-cors-credentials-origin → starlette/middleware/cors.py
   ALLOWED pr3137-cors-credentials-origin → starlette/middleware/cors.py
 proposed 2 writes (19.38s, 1620 tokens)
   ALLOWED pr3148-jinja2-autoescape → starlette/templating.py
   ALLOWED pr3148-jinja2-autoescape → tests/test_templates.py
[worker pr3166-session-middleware] still waiting at 30s...
[worker pr3166-session-middleware] still waiting at 60s...
 proposed 2 writes (71.86s, 8812 tokens)
   ALLOWED pr3166-session-middleware → starlette/middleware/sessions.py
   ALLOWED pr3166-session-middleware → tests/middleware/test_session.py
[naive_parallel/local] wrote experiments/real_repos/starlette/runs_sonnet_v2_n5/seed2/eval_run_naive.json — completed=3/3, evidence=proposed_write_set, overlaps=0, oob=0, blocked=0, wall=71.869s
 starting (group 1)
 starting (group 1)
[worker pr3137-cors-credentials-origin] still waiting at 30s...
[worker pr3166-session-middleware] still waiting at 30s...
 proposed 6 writes (32.99s, 2738 tokens)
   ALLOWED pr3137-cors-credentials-origin → starlette/middleware/cors.py
   ALLOWED pr3137-cors-credentials-origin → starlette/middleware/cors.py
   ALLOWED pr3137-cors-credentials-origin → starlette/middleware/cors.py
   ALLOWED pr3137-cors-credentials-origin → starlette/middleware/cors.py
   ALLOWED pr3137-cors-credentials-origin → tests/middleware/test_cors.py
   ALLOWED pr3137-cors-credentials-origin → starlette/middleware/cors.py
[worker pr3166-session-middleware] still waiting at 60s...
[worker pr3166-session-middleware] still waiting at 90s...
[worker pr3166-session-middleware] still waiting at 120s...
 proposed 10 writes (145.71s, 20024 tokens)
   ALLOWED pr3166-session-middleware → starlette/middleware/sessions.py
   ALLOWED pr3166-session-middleware → starlette/middleware/sessions.py
   ALLOWED pr3166-session-middleware → starlette/middleware/sessions.py
   ALLOWED pr3166-session-middleware → tests/middleware/test_session.py
   ALLOWED pr3166-session-middleware → starlette/middleware/sessions.py
   ALLOWED pr3166-session-middleware → tests/middleware/test_session.py
   ALLOWED pr3166-session-middleware → starlette/middleware/sessions.py
   ALLOWED pr3166-session-middleware → tests/middleware/test_session.py
   ALLOWED pr3166-session-middleware → starlette/middleware/sessions.py
   ALLOWED pr3166-session-middleware → tests/middleware/test_session.py
 starting (group 2)
 proposed 2 writes (18.78s, 1605 tokens)
   ALLOWED pr3148-jinja2-autoescape → starlette/templating.py
   ALLOWED pr3148-jinja2-autoescape → tests/test_templates.py
[acg_planned_full_context/local] wrote experiments/real_repos/starlette/runs_sonnet_v2_n5/seed2/eval_run_acg_full_context.json — completed=3/3, evidence=proposed_write_set, overlaps=0, oob=0, blocked=0, wall=164.499s
 starting (group 1)
 starting (group 1)
 proposed 10 writes (29.86s, 2283 tokens)
   ALLOWED pr3137-cors-credentials-origin → starlette/middleware/cors.py
   ALLOWED pr3137-cors-credentials-origin → starlette/middleware/cors.py
   ALLOWED pr3137-cors-credentials-origin → starlette/middleware/cors.py
   ALLOWED pr3137-cors-credentials-origin → starlette/middleware/cors.py
   ALLOWED pr3137-cors-credentials-origin → starlette/middleware/cors.py
   ALLOWED pr3137-cors-credentials-origin → starlette/middleware/cors.py
   ALLOWED pr3137-cors-credentials-origin → starlette/middleware/cors.py
   ALLOWED pr3137-cors-credentials-origin → starlette/middleware/cors.py
   ALLOWED pr3137-cors-credentials-origin → starlette/middleware/cors.py
   ALLOWED pr3137-cors-credentials-origin → tests/middleware/test_cors.py
[worker pr3166-session-middleware] still waiting at 30s...
 proposed 2 writes (48.43s, 5930 tokens)
   ALLOWED pr3166-session-middleware → starlette/middleware/sessions.py
   ALLOWED pr3166-session-middleware → tests/middleware/test_session.py
 starting (group 2)
 proposed 2 writes (19.74s, 1646 tokens)
   ALLOWED pr3148-jinja2-autoescape → starlette/templating.py
   ALLOWED pr3148-jinja2-autoescape → tests/test_templates.py
[acg_planned/local] wrote experiments/real_repos/starlette/runs_sonnet_v2_n5/seed2/eval_run_acg.json — completed=3/3, evidence=proposed_write_set, overlaps=0, oob=0, blocked=0, wall=68.179s
[worker single_agent] still waiting at 30s...
[worker single_agent] still waiting at 60s...
[worker single_agent] still waiting at 90s...
[single_agent/local] wrote experiments/real_repos/starlette/runs_sonnet_v2_n5/seed2/eval_run_single_agent.json — completed=3/3, evidence=suite_proposed_write_set, overlaps=0, oob=0, blocked=0, wall=97.526s
[combined] wrote experiments/real_repos/starlette/runs_sonnet_v2_n5/seed2/eval_run_combined.json
