 starting (group 0)
 starting (group 0)
 starting (group 0)
 proposed 2 writes (24.41s, 2499 tokens)
   ALLOWED pr3148-jinja2-autoescape → starlette/templating.py
   BLOCKED pr3148-jinja2-autoescape → tests/test_templating.py: path 
'tests/test_templating.py' is outside task 'pr3148-jinja2-autoescape''s 
allowed_paths (starlette/templating.py, tests/test_templates.py)
 proposed 1 writes (25.49s, 2176 tokens)
   ALLOWED pr3137-cors-credentials-origin → starlette/middleware/cors.py
[worker pr3166-session-middleware] still waiting at 30s...
[worker pr3166-session-middleware] still waiting at 60s...
 proposed 3 writes (79.18s, 9068 tokens)
   BLOCKED pr3166-session-middleware → session/session.go: path 
'session/session.go' is outside task 'pr3166-session-middleware''s allowed_paths
(starlette/middleware/sessions.py, tests/middleware/**)
   BLOCKED pr3166-session-middleware → session/session_test.go: path 
'session/session_test.go' is outside task 'pr3166-session-middleware''s 
allowed_paths (starlette/middleware/sessions.py, tests/middleware/**)
   BLOCKED pr3166-session-middleware → session/go.mod: path 'session/go.mod' is 
outside task 'pr3166-session-middleware''s allowed_paths 
(starlette/middleware/sessions.py, tests/middleware/**)
[naive_parallel_blind/local] wrote experiments/real_repos/starlette/runs_sonnet_v2_n5/seed4/eval_run_naive_parallel_blind.json — completed=1/3, evidence=naive_parallel_blind_proposed_write_set, overlaps=0, oob=4, blocked=0, wall=79.186s
 starting (group 0)
 starting (group 0)
 starting (group 0)
 proposed 3 writes (7.42s, 504 tokens)
   ALLOWED pr3137-cors-credentials-origin → starlette/middleware/cors.py
   ALLOWED pr3137-cors-credentials-origin → starlette/middleware/cors.py
   ALLOWED pr3137-cors-credentials-origin → starlette/middleware/cors.py
 proposed 2 writes (17.56s, 1271 tokens)
   ALLOWED pr3148-jinja2-autoescape → starlette/templating.py
   ALLOWED pr3148-jinja2-autoescape → tests/test_templates.py
[worker pr3166-session-middleware] still waiting at 30s...
 proposed 2 writes (35.05s, 3677 tokens)
   ALLOWED pr3166-session-middleware → starlette/middleware/sessions.py
   ALLOWED pr3166-session-middleware → tests/middleware/test_session.py
[naive_parallel/local] wrote experiments/real_repos/starlette/runs_sonnet_v2_n5/seed4/eval_run_naive.json — completed=3/3, evidence=proposed_write_set, overlaps=0, oob=0, blocked=0, wall=35.052s
 starting (group 1)
 starting (group 1)
[worker pr3137-cors-credentials-origin] still waiting at 30s...
[worker pr3166-session-middleware] still waiting at 30s...
 proposed 4 writes (35.68s, 3015 tokens)
   ALLOWED pr3137-cors-credentials-origin → starlette/middleware/cors.py
   ALLOWED pr3137-cors-credentials-origin → starlette/middleware/cors.py
   ALLOWED pr3137-cors-credentials-origin → starlette/middleware/cors.py
   ALLOWED pr3137-cors-credentials-origin → tests/middleware/test_cors.py
[worker pr3166-session-middleware] still waiting at 60s...
 proposed 4 writes (61.54s, 8015 tokens)
   ALLOWED pr3166-session-middleware → starlette/middleware/sessions.py
   ALLOWED pr3166-session-middleware → starlette/middleware/sessions.py
   ALLOWED pr3166-session-middleware → starlette/middleware/sessions.py
   ALLOWED pr3166-session-middleware → tests/middleware/test_session.py
 starting (group 2)
[worker pr3148-jinja2-autoescape] still waiting at 30s...
 proposed 4 writes (33.89s, 3150 tokens)
   ALLOWED pr3148-jinja2-autoescape → starlette/templating.py
   ALLOWED pr3148-jinja2-autoescape → tests/test_templates.py
   ALLOWED pr3148-jinja2-autoescape → starlette/templating.py
   ALLOWED pr3148-jinja2-autoescape → tests/test_templates.py
[acg_planned_full_context/local] wrote experiments/real_repos/starlette/runs_sonnet_v2_n5/seed4/eval_run_acg_full_context.json — completed=3/3, evidence=proposed_write_set, overlaps=0, oob=0, blocked=0, wall=95.436s
 starting (group 1)
 starting (group 1)
[worker pr3137-cors-credentials-origin] still waiting at 30s...
[worker pr3166-session-middleware] still waiting at 30s...
 proposed 2 writes (30.73s, 3003 tokens)
   ALLOWED pr3166-session-middleware → starlette/middleware/sessions.py
   ALLOWED pr3166-session-middleware → tests/middleware/test_session.py
 proposed 8 writes (45.76s, 4101 tokens)
   ALLOWED pr3137-cors-credentials-origin → starlette/middleware/cors.py
   ALLOWED pr3137-cors-credentials-origin → starlette/middleware/cors.py
   ALLOWED pr3137-cors-credentials-origin → starlette/middleware/cors.py
   ALLOWED pr3137-cors-credentials-origin → starlette/middleware/cors.py
   ALLOWED pr3137-cors-credentials-origin → starlette/middleware/cors.py
   ALLOWED pr3137-cors-credentials-origin → starlette/middleware/cors.py
   ALLOWED pr3137-cors-credentials-origin → starlette/middleware/cors.py
   ALLOWED pr3137-cors-credentials-origin → tests/middleware/test_cors.py
 starting (group 2)
 proposed 2 writes (21.16s, 1694 tokens)
   ALLOWED pr3148-jinja2-autoescape → starlette/templating.py
   ALLOWED pr3148-jinja2-autoescape → tests/test_templates.py
[acg_planned/local] wrote experiments/real_repos/starlette/runs_sonnet_v2_n5/seed4/eval_run_acg.json — completed=3/3, evidence=proposed_write_set, overlaps=0, oob=0, blocked=0, wall=66.932s
[worker single_agent] still waiting at 30s...
[worker single_agent] still waiting at 60s...
[worker single_agent] still waiting at 90s...
[single_agent/local] wrote experiments/real_repos/starlette/runs_sonnet_v2_n5/seed4/eval_run_single_agent.json — completed=3/3, evidence=suite_proposed_write_set, overlaps=0, oob=0, blocked=0, wall=101.038s
[combined] wrote experiments/real_repos/starlette/runs_sonnet_v2_n5/seed4/eval_run_combined.json
